0 verbose cli /usr/local/Cellar/node/18.9.0/bin/node /usr/local/bin/npm
1 info using npm@9.8.0
2 info using node@v18.9.0
3 timing npm:load:whichnode Completed in 2ms
4 timing config:load:defaults Completed in 2ms
5 timing config:load:file:/usr/local/lib/node_modules/npm/npmrc Completed in 3ms
6 timing config:load:builtin Completed in 3ms
7 timing config:load:cli Completed in 2ms
8 timing config:load:env Completed in 1ms
9 timing config:load:file:/Users/a123/Desktop/0112/fcportal/.npmrc Completed in 0ms
10 timing config:load:project Completed in 4ms
11 timing config:load:file:/Users/a123/.npmrc Completed in 1ms
12 timing config:load:user Completed in 1ms
13 timing config:load:file:/usr/local/etc/npmrc Completed in 0ms
14 timing config:load:global Completed in 0ms
15 timing config:load:setEnvs Completed in 1ms
16 timing config:load Completed in 14ms
17 timing npm:load:configload Completed in 14ms
18 timing config:load:flatten Completed in 3ms
19 timing npm:load:mkdirpcache Completed in 1ms
20 timing npm:load:mkdirplogs Completed in 1ms
21 verbose title npm run serve
22 verbose argv "run" "serve"
23 timing npm:load:setTitle Completed in 7ms
24 timing npm:load:display Completed in 0ms
25 verbose logfile logs-max:10 dir:/Users/a123/Desktop/0112/fcportal/clean/_logs/2025-01-12T15_47_36_495Z-
26 verbose logfile /Users/a123/Desktop/0112/fcportal/clean/_logs/2025-01-12T15_47_36_495Z-debug-0.log
27 timing npm:load:logFile Completed in 10ms
28 timing npm:load:timers Completed in 0ms
29 timing npm:load:configScope Completed in 0ms
30 timing npm:load Completed in 55ms
31 silly logfile done cleaning log files
32 http fetch GET 200 https://registry.npmmirror.com/npm 327ms (cache miss)
33 timing command:run Completed in 925ms
34 notice
34 notice New [31mmajor[39m version of npm available! [31m9.8.0[39m -> [32m11.0.0[39m
34 notice Changelog: [36mhttps://github.com/npm/cli/releases/tag/v11.0.0[39m
34 notice Run [32mnpm install -g npm@11.0.0[39m to update!
34 notice
35 verbose exit 1
36 timing npm Completed in 1059ms
37 verbose code 1
