0 verbose cli /usr/local/Cellar/node/18.9.0/bin/node /usr/local/bin/npm
1 info using npm@9.8.0
2 info using node@v18.9.0
3 timing npm:load:whichnode Completed in 1ms
4 timing config:load:defaults Completed in 1ms
5 timing config:load:file:/usr/local/lib/node_modules/npm/npmrc Completed in 1ms
6 timing config:load:builtin Completed in 3ms
7 timing config:load:cli Completed in 3ms
8 timing config:load:env Completed in 0ms
9 timing config:load:project Completed in 3ms
10 timing config:load:file:/Users/a123/.npmrc Completed in 1ms
11 timing config:load:user Completed in 1ms
12 timing config:load:file:/usr/local/etc/npmrc Completed in 0ms
13 timing config:load:global Completed in 0ms
14 timing config:load:setEnvs Completed in 1ms
15 timing config:load Completed in 12ms
16 timing npm:load:configload Completed in 12ms
17 timing config:load:flatten Completed in 3ms
18 timing npm:load:mkdirpcache Completed in 0ms
19 timing npm:load:mkdirplogs Completed in 0ms
20 verbose title npm install npm@11.0.0
21 verbose argv "install" "--global" "npm@11.0.0"
22 timing npm:load:setTitle Completed in 7ms
23 timing npm:load:display Completed in 1ms
24 verbose logfile logs-max:10 dir:/Users/a123/Desktop/0112/fcportal/clean/_logs/2025-01-12T15_48_05_475Z-
25 verbose logfile /Users/a123/Desktop/0112/fcportal/clean/_logs/2025-01-12T15_48_05_475Z-debug-0.log
26 timing npm:load:logFile Completed in 9ms
27 timing npm:load:timers Completed in 0ms
28 timing npm:load:configScope Completed in 0ms
29 timing npm:load Completed in 46ms
30 timing config:load:flatten Completed in 0ms
31 silly logfile done cleaning log files
32 http fetch GET 200 https://registry.npmmirror.com/npm 107ms (cache hit)
33 timing command:install Completed in 141ms
34 verbose stack Error: Unsupported engine
34 verbose stack     at Object.checkEngine (/usr/local/lib/node_modules/npm/node_modules/npm-install-checks/lib/index.js:14:25)
34 verbose stack     at Install.exec (/usr/local/lib/node_modules/npm/lib/commands/install.js:112:16)
34 verbose stack     at async module.exports (/usr/local/lib/node_modules/npm/lib/cli-entry.js:61:5)
35 verbose pkgid npm@11.0.0
36 verbose cwd /Users/a123/Desktop/0112/fcportal
37 verbose Darwin 19.6.0
38 verbose node v18.9.0
39 verbose npm  v9.8.0
40 error code EBADENGINE
41 error engine Unsupported engine
42 error engine Not compatible with your version of node/npm: npm@11.0.0
43 error notsup Not compatible with your version of node/npm: npm@11.0.0
43 error notsup Required: {"node":"^20.17.0 || >=22.9.0"}
43 error notsup Actual:   {"npm":"9.8.0","node":"v18.9.0"}
44 verbose exit 1
45 timing npm Completed in 463ms
46 verbose code 1
47 error A complete log of this run can be found in: /Users/a123/Desktop/0112/fcportal/clean/_logs/2025-01-12T15_48_05_475Z-debug-0.log
