0 verbose cli /usr/local/Cellar/node/18.9.0/bin/node /usr/local/bin/npm
1 info using npm@9.8.0
2 info using node@v18.9.0
3 timing npm:load:whichnode Completed in 2ms
4 timing config:load:defaults Completed in 2ms
5 timing config:load:file:/usr/local/lib/node_modules/npm/npmrc Completed in 3ms
6 timing config:load:builtin Completed in 3ms
7 timing config:load:cli Completed in 3ms
8 timing config:load:env Completed in 0ms
9 timing config:load:file:/Users/a123/Desktop/0112/fcportal/.npmrc Completed in 0ms
10 timing config:load:project Completed in 4ms
11 timing config:load:file:/Users/a123/.npmrc Completed in 3ms
12 timing config:load:user Completed in 3ms
13 timing config:load:file:/usr/local/etc/npmrc Completed in 0ms
14 timing config:load:global Completed in 0ms
15 timing config:load:setEnvs Completed in 1ms
16 timing config:load Completed in 17ms
17 timing npm:load:configload Completed in 17ms
18 timing config:load:flatten Completed in 2ms
19 timing npm:load:mkdirpcache Completed in 1ms
20 timing npm:load:mkdirplogs Completed in 0ms
21 verbose title npm run serve
22 verbose argv "run" "serve"
23 timing npm:load:setTitle Completed in 8ms
24 timing npm:load:display Completed in 0ms
25 verbose logfile logs-max:10 dir:/Users/a123/Desktop/0112/fcportal/clean/_logs/2025-01-13T00_59_59_809Z-
26 verbose logfile /Users/a123/Desktop/0112/fcportal/clean/_logs/2025-01-13T00_59_59_809Z-debug-0.log
27 timing npm:load:logFile Completed in 10ms
28 timing npm:load:timers Completed in 0ms
29 timing npm:load:configScope Completed in 0ms
30 timing npm:load Completed in 56ms
31 silly logfile done cleaning log files
32 timing command:run Completed in 678944ms
33 verbose exit 0
34 timing npm Completed in 679141ms
35 info ok
